c:\users\s178022\documents\visual studio 2015\projects\mathforgames\vectors\debug\vc140.pdb
c:\users\s178022\documents\visual studio 2015\projects\mathforgames\vectors\debug\vc140.idb
c:\users\s178022\documents\visual studio 2015\projects\mathforgames\vectors\debug\source.obj
c:\users\s178022\documents\visual studio 2015\projects\mathforgames\vectors\debug\vectors.pdb
c:\users\s178022\documents\visual studio 2015\projects\mathforgames\vectors\debug\classpractice.obj
c:\users\s178022\documents\visual studio 2015\projects\mathforgames\vectors\debug\vector2.obj
c:\users\s178022\documents\visual studio 2015\projects\mathforgames\vectors\debug\vector3.obj
c:\users\s178022\documents\visual studio 2015\projects\mathforgames\vectors\debug\vector4.obj
c:\users\s178022\documents\visual studio 2015\projects\mathforgames\vectors\debug\matrix2.obj
c:\users\s178022\documents\visual studio 2015\projects\mathforgames\vectors\debug\matrix3.obj
c:\users\s178022\documents\visual studio 2015\projects\mathforgames\vectors\debug\matrix4.obj
c:\users\s178022\documents\visual studio 2015\projects\mathforgames\vectors\debug\vectors.idb
c:\users\s178022\documents\visual studio 2015\projects\mathforgames\debug\vectors.lib
c:\users\s178022\documents\visual studio 2015\projects\mathforgames\debug\vectors.ilk
c:\users\s178022\documents\visual studio 2015\projects\mathforgames\debug\vectors.exe
c:\users\s178022\documents\visual studio 2015\projects\mathforgames\debug\vectors.pdb
c:\users\s178022\documents\visual studio 2015\projects\mathforgames\vectors\debug\vectors.tlog\cl.command.1.tlog
c:\users\s178022\documents\visual studio 2015\projects\mathforgames\vectors\debug\vectors.tlog\cl.read.1.tlog
c:\users\s178022\documents\visual studio 2015\projects\mathforgames\vectors\debug\vectors.tlog\cl.write.1.tlog
c:\users\s178022\documents\visual studio 2015\projects\mathforgames\vectors\debug\vectors.tlog\lib-link.read.1.tlog
c:\users\s178022\documents\visual studio 2015\projects\mathforgames\vectors\debug\vectors.tlog\lib-link.write.1.tlog
c:\users\s178022\documents\visual studio 2015\projects\mathforgames\vectors\debug\vectors.tlog\lib.command.1.tlog
c:\users\s178022\documents\visual studio 2015\projects\mathforgames\vectors\debug\vectors.tlog\link.command.1.tlog
c:\users\s178022\documents\visual studio 2015\projects\mathforgames\vectors\debug\vectors.tlog\link.read.1.tlog
c:\users\s178022\documents\visual studio 2015\projects\mathforgames\vectors\debug\vectors.tlog\link.write.1.tlog
